<?xml version="1.0" encoding="UTF-8"?>
<!-- Generated by org.testng.reporters.JUnitReportReporter -->
<testsuite hostname="DESKTOP-O9OR2BF" failures="0" tests="1" name="com.API.testcase.VerifyHeadersCookies" time="3.526" errors="0" timestamp="2023-02-25T18:46:46 IST" skipped="0">
  <testcase classname="com.API.testcase.VerifyHeadersCookies" name="loginPostReq" time="3.526"/>
  <system-out/>
</testsuite> <!-- com.API.testcase.VerifyHeadersCookies -->
