<?xml version="1.0" encoding="UTF-8"?>
<!-- Generated by org.testng.reporters.JUnitReportReporter -->
<testsuite hostname="DESKTOP-O9OR2BF" failures="1" tests="1" name="com.API.testcase.VerifyBodyData" time="3.655" errors="0" timestamp="2023-02-25T18:37:41 IST" skipped="0">
  <testcase classname="com.API.testcase.VerifyBodyData" name="loginPostReq" time="3.655">
    <failure message="1 expectation failed.
Response body doesn&#039;t match expectation.
Expected: a string containing &quot;first_nam1e&quot;
  Actual: {&quot;message&quot;:&quot;Admin is successfully logged in!!&quot;,&quot;data&quot;:{&quot;_id&quot;:&quot;6348f6914af2b3b31fa37717&quot;,&quot;first_name&quot;:&quot;Admin&quot;,&quot;last_name&quot;:&quot;User&quot;,&quot;mobile_number&quot;:&quot;7889678966&quot;,&quot;username&quot;:&quot;Admin&quot;,&quot;email&quot;:&quot;admin@gmail.com&quot;,&quot;password&quot;:&quot;U2FsdGVkX19bCECBX9DNNI+eUwIhlOSBjGE8ITFcQ3o=&quot;,&quot;role&quot;:&quot;6320664adb4b85fac399611c&quot;,&quot;status&quot;:1,&quot;is_deleted&quot;:0,&quot;is_account_active&quot;:1,&quot;ip&quot;:&quot;172.16.50.68&quot;,&quot;createdAt&quot;:&quot;2022-10-14T05:41:37.955Z&quot;,&quot;updatedAt&quot;:&quot;2023-02-25T13:07:01.622Z&quot;,&quot;__v&quot;:0,&quot;token&quot;:&quot;eyJhbGciOiJIUzI1NiIsInR5cCI6IkpXVCJ9.eyJfaWQiOiI2MzQ4ZjY5MTRhZjJiM2IzMWZhMzc3MTciLCJpYXQiOjE2NzczMzA0NTl9.HVATfnAOGI1zxuedr9HFdbdOJsi3K6KnOUBdUYypgP0&quot;,&quot;last_login&quot;:&quot;2023-02-25T13:07:39.828Z&quot;}}
" type="java.lang.AssertionError">
      <![CDATA[java.lang.AssertionError: 1 expectation failed.
Response body doesn't match expectation.
Expected: a string containing "first_nam1e"
  Actual: {"message":"Admin is successfully logged in!!","data":{"_id":"6348f6914af2b3b31fa37717","first_name":"Admin","last_name":"User","mobile_number":"7889678966","username":"Admin","email":"admin@gmail.com","password":"U2FsdGVkX19bCECBX9DNNI+eUwIhlOSBjGE8ITFcQ3o=","role":"6320664adb4b85fac399611c","status":1,"is_deleted":0,"is_account_active":1,"ip":"172.16.50.68","createdAt":"2022-10-14T05:41:37.955Z","updatedAt":"2023-02-25T13:07:01.622Z","__v":0,"token":"eyJhbGciOiJIUzI1NiIsInR5cCI6IkpXVCJ9.eyJfaWQiOiI2MzQ4ZjY5MTRhZjJiM2IzMWZhMzc3MTciLCJpYXQiOjE2NzczMzA0NTl9.HVATfnAOGI1zxuedr9HFdbdOJsi3K6KnOUBdUYypgP0","last_login":"2023-02-25T13:07:39.828Z"}}

at java.base/jdk.internal.reflect.NativeConstructorAccessorImpl.newInstance0(Native Method)
at java.base/jdk.internal.reflect.NativeConstructorAccessorImpl.newInstance(NativeConstructorAccessorImpl.java:77)
at java.base/jdk.internal.reflect.DelegatingConstructorAccessorImpl.newInstance(DelegatingConstructorAccessorImpl.java:45)
at java.base/java.lang.reflect.Constructor.newInstanceWithCaller(Constructor.java:499)
at java.base/java.lang.reflect.Constructor.newInstance(Constructor.java:480)
at org.codehaus.groovy.reflection.CachedConstructor.invoke(CachedConstructor.java:73)
at org.codehaus.groovy.runtime.callsite.ConstructorSite$ConstructorSiteNoUnwrapNoCoerce.callConstructor(ConstructorSite.java:108)
at org.codehaus.groovy.runtime.callsite.CallSiteArray.defaultCallConstructor(CallSiteArray.java:57)
at org.codehaus.groovy.runtime.callsite.AbstractCallSite.callConstructor(AbstractCallSite.java:263)
at org.codehaus.groovy.runtime.callsite.AbstractCallSite.callConstructor(AbstractCallSite.java:277)
at io.restassured.internal.ResponseSpecificationImpl$HamcrestAssertionClosure.validate(ResponseSpecificationImpl.groovy:512)
at io.restassured.internal.ResponseSpecificationImpl$HamcrestAssertionClosure$validate$1.call(Unknown Source)
at org.codehaus.groovy.runtime.callsite.CallSiteArray.defaultCall(CallSiteArray.java:45)
at org.codehaus.groovy.runtime.callsite.AbstractCallSite.call(AbstractCallSite.java:125)
at org.codehaus.groovy.runtime.callsite.AbstractCallSite.call(AbstractCallSite.java:139)
at io.restassured.internal.ResponseSpecificationImpl.validateResponseIfRequired(ResponseSpecificationImpl.groovy:696)
at io.restassured.internal.ResponseSpecificationImpl.this$2$validateResponseIfRequired(ResponseSpecificationImpl.groovy)
at java.base/jdk.internal.reflect.NativeMethodAccessorImpl.invoke0(Native Method)
at java.base/jdk.internal.reflect.NativeMethodAccessorImpl.invoke(NativeMethodAccessorImpl.java:77)
at java.base/jdk.internal.reflect.DelegatingMethodAccessorImpl.invoke(DelegatingMethodAccessorImpl.java:43)
at java.base/java.lang.reflect.Method.invoke(Method.java:568)
at org.codehaus.groovy.runtime.callsite.PlainObjectMetaMethodSite.doInvoke(PlainObjectMetaMethodSite.java:43)
at org.codehaus.groovy.runtime.callsite.PogoMetaMethodSite$PogoCachedMethodSiteNoUnwrapNoCoerce.invoke(PogoMetaMethodSite.java:198)
at org.codehaus.groovy.runtime.callsite.PogoMetaMethodSite.callCurrent(PogoMetaMethodSite.java:62)
at org.codehaus.groovy.runtime.callsite.CallSiteArray.defaultCallCurrent(CallSiteArray.java:49)
at org.codehaus.groovy.runtime.callsite.AbstractCallSite.callCurrent(AbstractCallSite.java:171)
at org.codehaus.groovy.runtime.callsite.AbstractCallSite.callCurrent(AbstractCallSite.java:185)
at io.restassured.internal.ResponseSpecificationImpl.body(ResponseSpecificationImpl.groovy:107)
at io.restassured.internal.ValidatableResponseOptionsImpl.body(ValidatableResponseOptionsImpl.java:238)
at com.API.ResponseValidator.ResponseClass.loginBodyResponse(ResponseClass.java:36)
at com.API.testcase.VerifyBodyData.loginPostReq(VerifyBodyData.java:32)
at java.base/jdk.internal.reflect.NativeMethodAccessorImpl.invoke0(Native Method)
at java.base/jdk.internal.reflect.NativeMethodAccessorImpl.invoke(NativeMethodAccessorImpl.java:77)
at java.base/jdk.internal.reflect.DelegatingMethodAccessorImpl.invoke(DelegatingMethodAccessorImpl.java:43)
at java.base/java.lang.reflect.Method.invoke(Method.java:568)
at org.testng.internal.MethodInvocationHelper.invokeMethod(MethodInvocationHelper.java:133)
at org.testng.internal.TestInvoker.invokeMethod(TestInvoker.java:598)
at org.testng.internal.TestInvoker.invokeTestMethod(TestInvoker.java:173)
at org.testng.internal.MethodRunner.runInSequence(MethodRunner.java:46)
at org.testng.internal.TestInvoker$MethodInvocationAgent.invoke(TestInvoker.java:824)
at org.testng.internal.TestInvoker.invokeTestMethods(TestInvoker.java:146)
at org.testng.internal.TestMethodWorker.invokeTestMethods(TestMethodWorker.java:146)
at org.testng.internal.TestMethodWorker.run(TestMethodWorker.java:128)
at java.base/java.util.ArrayList.forEach(ArrayList.java:1511)
at org.testng.TestRunner.privateRun(TestRunner.java:794)
at org.testng.TestRunner.run(TestRunner.java:596)
at org.testng.SuiteRunner.runTest(SuiteRunner.java:377)
at org.testng.SuiteRunner.runSequentially(SuiteRunner.java:371)
at org.testng.SuiteRunner.privateRun(SuiteRunner.java:332)
at org.testng.SuiteRunner.run(SuiteRunner.java:276)
at org.testng.SuiteRunnerWorker.runSuite(SuiteRunnerWorker.java:53)
at org.testng.SuiteRunnerWorker.run(SuiteRunnerWorker.java:96)
at org.testng.TestNG.runSuitesSequentially(TestNG.java:1212)
at org.testng.TestNG.runSuitesLocally(TestNG.java:1134)
at org.testng.TestNG.runSuites(TestNG.java:1063)
at org.testng.TestNG.run(TestNG.java:1031)
at org.testng.remote.AbstractRemoteTestNG.run(AbstractRemoteTestNG.java:115)
at org.testng.remote.RemoteTestNG.initAndRun(RemoteTestNG.java:251)
at org.testng.remote.RemoteTestNG.main(RemoteTestNG.java:77)
]]>
    </failure>
  </testcase> <!-- loginPostReq -->
  <system-out/>
</testsuite> <!-- com.API.testcase.VerifyBodyData -->
