<?xml version="1.0" encoding="UTF-8"?>
<!-- Generated by org.testng.reporters.JUnitReportReporter -->
<testsuite hostname="DESKTOP-O9OR2BF" failures="0" tests="1" name="com.API.testcase.TC2" time="5.036" errors="0" timestamp="2023-02-25T09:30:42 IST" skipped="0">
  <testcase classname="com.API.testcase.TC2" name="login" time="5.036"/>
  <system-out/>
</testsuite> <!-- com.API.testcase.TC2 -->
