<?xml version="1.0" encoding="UTF-8"?>
<!-- Generated by org.testng.reporters.JUnitReportReporter -->
<testsuite hostname="DESKTOP-O9OR2BF" failures="0" tests="2" name="com.API.testcase.ExtractData" time="7.933" errors="0" timestamp="2023-02-25T20:32:54 IST" skipped="1">
  <testcase classname="com.API.testcase.ExtractData" name="loginPostReq" time="7.933"/>
  <system-out/>
  <testcase classname="com.API.testcase.ExtractData" name="dashboardGetReq">
    <skipped/>
  </testcase> <!-- dashboardGetReq -->
  <system-out/>
</testsuite> <!-- com.API.testcase.ExtractData -->
