<?xml version="1.0" encoding="UTF-8"?>
<!-- Generated by org.testng.reporters.JUnitReportReporter -->
<testsuite hostname="DESKTOP-O9OR2BF" failures="0" tests="2" name="com.API.testcase.TC1" time="4.852" errors="0" timestamp="2023-02-25T18:15:25 IST" skipped="1">
  <testcase classname="com.API.testcase.TC1" name="loginPostReq" time="4.852"/>
  <system-out/>
  <testcase classname="com.API.testcase.TC1" name="dashboardGetReq">
    <skipped/>
  </testcase> <!-- dashboardGetReq -->
  <system-out/>
</testsuite> <!-- com.API.testcase.TC1 -->
