<?xml version="1.0" encoding="UTF-8"?>
<!-- Generated by org.testng.reporters.JUnitReportReporter -->
<testsuite hostname="DESKTOP-O9OR2BF" failures="0" tests="1" name="com.API.testcase.LoginTest" time="19.232" errors="0" timestamp="2023-02-21T21:11:18 IST" skipped="0">
  <testcase classname="com.API.testcase.LoginTest" name="loginTest" time="19.232"/>
  <system-out/>
</testsuite> <!-- com.API.testcase.LoginTest -->
